<?xml version="1.0" encoding="UTF-8"?>
<!-- Generated by org.testng.reporters.JUnitReportReporter -->
<testsuite hostname="Kathys-MacBook-Air.local" failures="0" tests="1" name="com.HRMS.TestCases.LeaveListIsDisplayed" time="11.340" errors="0" timestamp="2020-01-19T14:27:52 EST" skipped="0">
  <testcase classname="com.HRMS.TestCases.LeaveListIsDisplayed" name="Leavelabelvalidation2" time="11.340"/>
</testsuite> <!-- com.HRMS.TestCases.LeaveListIsDisplayed -->
