<?xml version="1.0" encoding="UTF-8"?>
<!-- Generated by org.testng.reporters.JUnitReportReporter -->
<testsuite hostname="Kathys-MacBook-Air.local" failures="0" tests="1" name="com.Practice.TimeStamp" time="0.079" errors="0" timestamp="2020-01-25T13:22:37 EST" skipped="0">
  <testcase classname="com.Practice.TimeStamp" name="getTime" time="0.079"/>
</testsuite> <!-- com.Practice.TimeStamp -->
