<?xml version="1.0" encoding="UTF-8"?>
<!-- Generated by org.testng.reporters.JUnitReportReporter -->
<testsuite hostname="Kathys-MacBook-Air.local" failures="0" tests="1" name="com.Practice.ExcelWriting" time="1.327" errors="0" timestamp="2020-01-23T20:28:49 EST" skipped="0">
  <testcase classname="com.Practice.ExcelWriting" name="sendInfo" time="1.327"/>
</testsuite> <!-- com.Practice.ExcelWriting -->
