<?xml version="1.0" encoding="UTF-8"?>
<!-- Generated by org.testng.reporters.JUnitReportReporter -->
<testsuite hostname="Kathys-MacBook-Air.local" failures="0" tests="1" name="com.HRMS.TestCases.AddEmployeeTest" time="0.000" errors="0" timestamp="2020-01-28T16:35:31 EST" skipped="1">
  <testcase classname="com.HRMS.TestCases.AddEmployeeTest" name="addeEmployee" time="0.000">
    <skipped/>
  </testcase> <!-- addeEmployee -->
</testsuite> <!-- com.HRMS.TestCases.AddEmployeeTest -->
