<?xml version="1.0" encoding="UTF-8"?>
<!-- Generated by org.testng.reporters.JUnitReportReporter -->
<testsuite hostname="Kathys-MacBook-Air.local" failures="0" tests="1" name="com.Practice.ExcelRecap" time="0.963" errors="0" timestamp="2020-01-23T20:36:45 EST" skipped="0">
  <testcase classname="com.Practice.ExcelRecap" name="read" time="0.963"/>
</testsuite> <!-- com.Practice.ExcelRecap -->
