<?xml version="1.0" encoding="UTF-8"?>
<!-- Generated by org.testng.reporters.JUnitReportReporter -->
<testsuite hostname="Kathys-MacBook-Air.local" failures="0" tests="2" name="com.HRMS.TestCases.LeaveListPageTest" time="19.131" errors="0" timestamp="2020-01-25T13:58:59 EST" skipped="0">
  <testcase classname="com.HRMS.TestCases.LeaveListPageTest" name="leaveLabelvalidation3" time="8.666"/>
  <testcase classname="com.HRMS.TestCases.LeaveListPageTest" name="leaveLabelvalidation4" time="10.465"/>
</testsuite> <!-- com.HRMS.TestCases.LeaveListPageTest -->
