<?xml version="1.0" encoding="UTF-8"?>
<!-- Generated by org.testng.reporters.JUnitReportReporter -->
<testsuite hostname="Kathys-MacBook-Air.local" failures="0" tests="1" name="com.Practice.PropertiesDemo" time="0.028" errors="0" timestamp="2020-01-19T15:02:32 EST" skipped="0">
  <testcase classname="com.Practice.PropertiesDemo" name="read" time="0.028"/>
</testsuite> <!-- com.Practice.PropertiesDemo -->
