<?xml version="1.0" encoding="UTF-8"?>
<!-- Generated by org.testng.reporters.JUnitReportReporter -->
<testsuite hostname="Kathys-MacBook-Air.local" failures="0" tests="2" name="com.syntax.practice.Day1" time="7.199" errors="0" timestamp="2020-01-18T14:14:46 EST" skipped="0">
  <testcase classname="com.syntax.practice.Day1" name="demo" time="7.196"/>
  <testcase classname="com.syntax.practice.Day1" name="secondTest" time="0.003"/>
</testsuite> <!-- com.syntax.practice.Day1 -->
