<?xml version="1.0" encoding="UTF-8"?>
<!-- Generated by org.testng.reporters.JUnitReportReporter -->
<testsuite hostname="Kathys-MacBook-Air.local" failures="0" tests="1" name="com.HRMS.TestCases.SendDataToExcel" time="1.322" errors="0" timestamp="2020-01-23T20:07:31 EST" skipped="0">
  <testcase classname="com.HRMS.TestCases.SendDataToExcel" name="writeToExcel" time="1.322"/>
</testsuite> <!-- com.HRMS.TestCases.SendDataToExcel -->
