<?xml version="1.0" encoding="UTF-8"?>
<!-- Generated by org.testng.reporters.JUnitReportReporter -->
<testsuite hostname="Kathys-MacBook-Air.local" failures="0" tests="2" name="com.HRMS.TestCases.LeaveListIsDisplayed" time="22.425" errors="0" timestamp="2020-01-25T13:06:26 EST" skipped="0">
  <testcase classname="com.HRMS.TestCases.LeaveListIsDisplayed" name="LeaveLabelValidation1" time="12.874"/>
  <testcase classname="com.HRMS.TestCases.LeaveListIsDisplayed" name="Leavelabelvalidation2" time="9.551"/>
</testsuite> <!-- com.HRMS.TestCases.LeaveListIsDisplayed -->
