<?xml version="1.0" encoding="UTF-8"?>
<!-- Generated by org.testng.reporters.JUnitReportReporter -->
<testsuite hostname="Kathys-MacBook-Air.local" failures="0" tests="1" name="com.Testcases.LoginTest" time="8.501" errors="0" timestamp="2020-01-18T14:34:05 EST" skipped="0">
  <testcase classname="com.Testcases.LoginTest" name="LoginTest" time="8.501"/>
</testsuite> <!-- com.Testcases.LoginTest -->
