<?xml version="1.0" encoding="UTF-8"?>
<!-- Generated by org.testng.reporters.JUnitReportReporter -->
<testsuite hostname="kathys-air.lan" failures="0" tests="1" name="com.HRMS.TestCases.ExcellDemo" time="0.962" errors="0" timestamp="2020-01-23T13:29:49 EST" skipped="0">
  <testcase classname="com.HRMS.TestCases.ExcellDemo" name="readExcel" time="0.962"/>
</testsuite> <!-- com.HRMS.TestCases.ExcellDemo -->
